07/24/2025 09:59:19 GMT+03:00 : Information : Local timezone is (UTC+03:00) Türkiye Saati
07/24/2025 09:59:19 GMT+03:00 : Information : Started controller with command line /Users/bahriyegavaz/.vscode/extensions/ms-dotnettools.csdevkit-1.30.44-darwin-arm64/components/vs-green-server/platforms/darwin-arm64/node_modules/@microsoft/visualstudio-controller.darwin-arm64/Microsoft.VisualStudio.Code.ServiceController f82700b719 /ControllerCooldownTimeout:30000 /TelemetrySession:{"TelemetryLevel":"all","IsOptedIn":false,"HostName":"Default","AppInsightsInstrumentationKey":null,"AsimovInstrumentationKey":null,"CollectorApiKey":"0c6ae279ed8443289764825290e4f9e2-1a736e7c-1324-4338-be46-fc2a58ae4d14-7255","AppId":1010,"UserId":"bd3c86ee-3867-4e6c-ae83-4d675325dc7c","Id":"71adeaf3-0a94-4d7f-88be-31746d283a781753337235547","ProcessStartTime":133978139581804350,"SkuName":null,"VSExeVersion":null,"BucketFiltersToEnableWatsonForFaults":[],"BucketFiltersToAddDumpsToFaults":[]}
07/24/2025 09:59:19 GMT+03:00 : Information : Acquiring single controller instance mutex with name '678303292-ServiceHubControllerSingleInstanceMutex'
07/24/2025 09:59:19 GMT+03:00 : Information : Acquired single controller instance mutex with name '678303292-ServiceHubControllerSingleInstanceMutex'
07/24/2025 09:59:19 GMT+03:00 : Information : Controller cooldown timeout is set to 30000ms
07/24/2025 09:59:19 GMT+03:00 : Information : Starting server 'hubController' at 'net.pipe://f82700b719' (at '/Users/bahriyegavaz/.ServiceHub/f82700b719/f82700b719').
07/24/2025 09:59:19 GMT+03:00 : Information : Successfully started server on pipe f82700b719
07/24/2025 09:59:19 GMT+03:00 : Information : Triggered controller shutdown timer process.
07/24/2025 09:59:19 GMT+03:00 : Information : Client connected to controller
07/24/2025 09:59:19 GMT+03:00 : Information : Client connected to controller
07/24/2025 09:59:19 GMT+03:00 : Information : Client connected to controller
07/24/2025 09:59:19 GMT+03:00 : Information : Microsoft.ServiceHub.Controller.HubController read: end of stream
07/24/2025 09:59:19 GMT+03:00 : Information : Microsoft.ServiceHub.Controller.HubController read: end of stream
07/24/2025 09:59:19 GMT+03:00 : Information : JsonRpc disconnected due to RemotePartyTerminated. Akışın sonuna ulaşıldı.
07/24/2025 09:59:19 GMT+03:00 : Information : JsonRpc disconnected due to RemotePartyTerminated. Akışın sonuna ulaşıldı.
07/24/2025 09:59:19 GMT+03:00 : Information : Microsoft.ServiceHub.Controller.HubController read: Content-Length: 108

{"jsonrpc":"2.0","id":2,"method":"UpdateClientInfoAsync","params":[{"clientName":"VsHubClient","pid":2908}]}
07/24/2025 09:59:19 GMT+03:00 : Information : Starting server 'clientWatch' at 'net.pipe://2916F06238' (at '/Users/bahriyegavaz/.ServiceHub/f82700b719/2916F06238').
07/24/2025 09:59:19 GMT+03:00 : Information : Microsoft.ServiceHub.Controller.HubController write: Content-Length: 502

{"jsonrpc":"2.0","id":2,"result":{"ClientWatchServerName":"net.pipe://2916F06238","ControllerConfig":{"Executable":"/Users/bahriyegavaz/.vscode/extensions/ms-dotnettools.csdevkit-1.30.44-darwin-arm64/components/vs-green-server/platforms/darwin-arm64/node_modules/@microsoft/visualstudio-controller.darwin-arm64/Microsoft.VisualStudio.Code.ServiceController","Args":["f82700b719"],"PipeName":"f82700b719"},"HostsConfig":{"EnableExternalAuthorizationService":false,"RootDir":".","AppConfigFallback":""}}}
07/24/2025 09:59:19 GMT+03:00 : Information : External client connect to client watch
07/24/2025 10:17:24 GMT+03:00 : Information : Microsoft.ServiceHub.Controller.HubController read: end of stream
07/24/2025 10:17:24 GMT+03:00 : Information : JsonRpc disconnected due to RemotePartyTerminated. Akışın sonuna ulaşıldı.
07/24/2025 10:17:24 GMT+03:00 : Information : External client disconnected from client watch.
07/24/2025 10:17:25 GMT+03:00 : Information : Starting fast shutdown
07/24/2025 10:17:25 GMT+03:00 : Information : Stopping the location service server.
07/24/2025 10:17:25 GMT+03:00 : Information : Exiting hub controller.
07/24/2025 10:17:25 GMT+03:00 : Information : All hosts have exited.
07/24/2025 10:17:25 GMT+03:00 : Information : Controller terminating with exit code '0'.
