0 verbose cli /Users/bahriyegavaz/.nvm/versions/node/v24.4.1/bin/node /Users/bahriyegavaz/.nvm/versions/node/v24.4.1/bin/npm
1 info using npm@11.4.2
2 info using node@v24.4.1
3 silly config load:file:/Users/bahriyegavaz/.nvm/versions/node/v24.4.1/lib/node_modules/npm/npmrc
4 silly config load:file:/Users/bahriyegavaz/Library/Caches/typescript/5.8/.npmrc
5 silly config load:file:/Users/bahriyegavaz/.npmrc
6 silly config load:file:/Users/bahriyegavaz/.nvm/versions/node/v24.4.1/etc/npmrc
7 verbose title npm install @types/jquery@ts5.8 @types/karma@ts5.8 @types/karma-chrome-launcher@ts5.8 @types/karma-coverage@ts5.8 @types/karma-jasmine@ts5.8 @types/karma-jasmine-html-reporter@ts5.8
8 verbose argv "install" "--ignore-scripts" "@types/jquery@ts5.8" "@types/karma@ts5.8" "@types/karma-chrome-launcher@ts5.8" "@types/karma-coverage@ts5.8" "@types/karma-jasmine@ts5.8" "@types/karma-jasmine-html-reporter@ts5.8" "--save-dev" "--user-agent" "typesInstaller/5.8.2"
9 verbose logfile logs-max:10 dir:/Users/bahriyegavaz/.npm/_logs/2025-07-21T07_36_18_065Z-
10 verbose logfile /Users/bahriyegavaz/.npm/_logs/2025-07-21T07_36_18_065Z-debug-0.log
11 silly logfile start cleaning logs, removing 1 files
12 silly packumentCache heap:4496293888 maxSize:1124073472 maxEntrySize:562036736
13 silly packumentCache corgi:https://registry.npmjs.org/@types%2fjquery cache-miss
14 silly packumentCache corgi:https://registry.npmjs.org/@types%2fkarma cache-miss
15 silly packumentCache corgi:https://registry.npmjs.org/@types%2fkarma-chrome-launcher cache-miss
16 silly packumentCache corgi:https://registry.npmjs.org/@types%2fkarma-coverage cache-miss
17 silly packumentCache corgi:https://registry.npmjs.org/@types%2fkarma-jasmine cache-miss
18 silly packumentCache corgi:https://registry.npmjs.org/@types%2fkarma-jasmine-html-reporter cache-miss
19 silly logfile done cleaning log files
20 http fetch GET 200 https://registry.npmjs.org/@types%2fkarma-coverage 347ms (cache miss)
21 silly packumentCache corgi:https://registry.npmjs.org/@types%2fkarma-coverage set size:undefined disposed:false
22 http fetch GET 200 https://registry.npmjs.org/@types%2fkarma-chrome-launcher 365ms (cache miss)
23 silly packumentCache corgi:https://registry.npmjs.org/@types%2fkarma-chrome-launcher set size:undefined disposed:false
24 http fetch GET 200 https://registry.npmjs.org/@types%2fkarma 387ms (cache miss)
25 silly packumentCache corgi:https://registry.npmjs.org/@types%2fkarma set size:undefined disposed:false
26 http fetch GET 200 https://registry.npmjs.org/@types%2fjquery 388ms (cache miss)
27 silly packumentCache corgi:https://registry.npmjs.org/@types%2fjquery set size:undefined disposed:false
28 http fetch GET 200 https://registry.npmjs.org/@types%2fkarma-jasmine 413ms (cache miss)
29 silly packumentCache corgi:https://registry.npmjs.org/@types%2fkarma-jasmine set size:undefined disposed:false
30 http fetch GET 200 https://registry.npmjs.org/@types%2fkarma-jasmine-html-reporter 449ms (cache miss)
31 silly packumentCache corgi:https://registry.npmjs.org/@types%2fkarma-jasmine-html-reporter set size:undefined disposed:false
32 silly idealTree buildDeps
33 silly fetch manifest @types/karma-coverage@2.0.3
34 silly packumentCache full:https://registry.npmjs.org/@types%2fkarma-coverage cache-miss
35 http fetch GET 200 https://registry.npmjs.org/@types%2fkarma-coverage 210ms (cache miss)
36 silly packumentCache full:https://registry.npmjs.org/@types%2fkarma-coverage set size:undefined disposed:false
37 silly fetch manifest @types/karma-chrome-launcher@3.1.4
38 silly packumentCache full:https://registry.npmjs.org/@types%2fkarma-chrome-launcher cache-miss
39 http fetch GET 200 https://registry.npmjs.org/@types%2fkarma-chrome-launcher 165ms (cache miss)
40 silly packumentCache full:https://registry.npmjs.org/@types%2fkarma-chrome-launcher set size:undefined disposed:false
41 silly fetch manifest @types/karma@6.3.9
42 silly packumentCache full:https://registry.npmjs.org/@types%2fkarma cache-miss
43 http fetch GET 200 https://registry.npmjs.org/@types%2fkarma 231ms (cache miss)
44 silly packumentCache full:https://registry.npmjs.org/@types%2fkarma set size:undefined disposed:false
45 silly fetch manifest @types/jquery@3.5.32
46 silly packumentCache full:https://registry.npmjs.org/@types%2fjquery cache-miss
47 http fetch GET 200 https://registry.npmjs.org/@types%2fjquery 147ms (cache miss)
48 silly packumentCache full:https://registry.npmjs.org/@types%2fjquery set size:undefined disposed:false
49 silly fetch manifest @types/karma-jasmine@4.0.5
50 silly packumentCache full:https://registry.npmjs.org/@types%2fkarma-jasmine cache-miss
51 http fetch GET 200 https://registry.npmjs.org/@types%2fkarma-jasmine 211ms (cache miss)
52 silly packumentCache full:https://registry.npmjs.org/@types%2fkarma-jasmine set size:undefined disposed:false
53 silly fetch manifest @types/karma-jasmine-html-reporter@1.7.3
54 silly packumentCache full:https://registry.npmjs.org/@types%2fkarma-jasmine-html-reporter cache-miss
55 http fetch GET 200 https://registry.npmjs.org/@types%2fkarma-jasmine-html-reporter 204ms (cache miss)
56 silly packumentCache full:https://registry.npmjs.org/@types%2fkarma-jasmine-html-reporter set size:undefined disposed:false
57 silly placeDep ROOT @types/jquery@3.5.32 OK for:  want: 3.5.32
58 silly placeDep ROOT @types/karma@6.3.9 OK for:  want: 6.3.9
59 silly placeDep ROOT @types/karma-chrome-launcher@3.1.4 OK for:  want: 3.1.4
60 silly placeDep ROOT @types/karma-coverage@2.0.3 OK for:  want: 2.0.3
61 silly placeDep ROOT @types/karma-jasmine@4.0.5 OK for:  want: 4.0.5
62 silly placeDep ROOT @types/karma-jasmine-html-reporter@1.7.3 OK for:  want: 1.7.3
63 silly fetch manifest @types/sizzle@*
64 silly packumentCache full:https://registry.npmjs.org/@types%2fsizzle cache-miss
65 silly fetch manifest log4js@^6.4.1
66 silly packumentCache full:https://registry.npmjs.org/log4js cache-miss
67 silly fetch manifest @types/node@*
68 silly packumentCache full:https://registry.npmjs.org/@types%2fnode cache-miss
69 silly fetch manifest @types/istanbul@*
70 silly packumentCache full:https://registry.npmjs.org/@types%2fistanbul cache-miss
71 silly fetch manifest @types/jasmine@*
72 silly packumentCache full:https://registry.npmjs.org/@types%2fjasmine cache-miss
73 http fetch GET 200 https://registry.npmjs.org/@types%2fjasmine 137ms (cache revalidated)
74 silly packumentCache full:https://registry.npmjs.org/@types%2fjasmine set size:492374 disposed:false
75 http fetch GET 200 https://registry.npmjs.org/log4js 144ms (cache revalidated)
76 silly packumentCache full:https://registry.npmjs.org/log4js set size:409691 disposed:false
77 http fetch GET 200 https://registry.npmjs.org/@types%2fsizzle 149ms (cache miss)
78 silly packumentCache full:https://registry.npmjs.org/@types%2fsizzle set size:undefined disposed:false
79 http fetch GET 200 https://registry.npmjs.org/@types%2fistanbul 148ms (cache miss)
80 silly packumentCache full:https://registry.npmjs.org/@types%2fistanbul set size:undefined disposed:false
81 http fetch GET 200 https://registry.npmjs.org/@types%2fnode 1016ms (cache updated)
82 silly packumentCache full:https://registry.npmjs.org/@types%2fnode set size:undefined disposed:false
83 silly placeDep ROOT @types/sizzle@2.3.9 OK for: @types/jquery@3.5.32 want: *
84 silly placeDep ROOT @types/node@24.0.15 OK for: @types/karma@6.3.9 want: *
85 silly placeDep ROOT log4js@6.9.1 OK for: @types/karma@6.3.9 want: ^6.4.1
86 silly fetch manifest undici-types@~7.8.0
87 silly packumentCache full:https://registry.npmjs.org/undici-types cache-miss
88 silly fetch manifest date-format@^4.0.14
89 silly packumentCache full:https://registry.npmjs.org/date-format cache-miss
90 silly fetch manifest debug@^4.3.4
91 silly packumentCache full:https://registry.npmjs.org/debug cache-miss
92 silly fetch manifest flatted@^3.2.7
93 silly packumentCache full:https://registry.npmjs.org/flatted cache-miss
94 silly fetch manifest rfdc@^1.3.0
95 silly packumentCache full:https://registry.npmjs.org/rfdc cache-miss
96 silly fetch manifest streamroller@^3.1.5
97 silly packumentCache full:https://registry.npmjs.org/streamroller cache-miss
98 http fetch GET 200 https://registry.npmjs.org/debug 85ms (cache revalidated)
99 silly packumentCache full:https://registry.npmjs.org/debug set size:193521 disposed:false
100 http fetch GET 200 https://registry.npmjs.org/rfdc 87ms (cache revalidated)
101 silly packumentCache full:https://registry.npmjs.org/rfdc set size:45382 disposed:false
102 http fetch GET 200 https://registry.npmjs.org/flatted 116ms (cache revalidated)
103 silly packumentCache full:https://registry.npmjs.org/flatted set size:126610 disposed:false
104 http fetch GET 200 https://registry.npmjs.org/date-format 117ms (cache revalidated)
105 silly packumentCache full:https://registry.npmjs.org/date-format set size:59202 disposed:false
106 http fetch GET 200 https://registry.npmjs.org/streamroller 118ms (cache revalidated)
107 silly packumentCache full:https://registry.npmjs.org/streamroller set size:151555 disposed:false
108 http fetch GET 200 https://registry.npmjs.org/undici-types 120ms (cache updated)
109 silly packumentCache full:https://registry.npmjs.org/undici-types set size:undefined disposed:false
110 silly placeDep ROOT @types/istanbul@0.4.34 OK for: @types/karma-coverage@2.0.3 want: *
111 silly placeDep ROOT @types/jasmine@5.1.8 OK for: @types/karma-jasmine@4.0.5 want: *
112 silly placeDep ROOT undici-types@7.8.0 OK for: @types/node@24.0.15 want: ~7.8.0
113 silly placeDep ROOT date-format@4.0.14 OK for: log4js@6.9.1 want: ^4.0.14
114 silly placeDep ROOT debug@4.4.1 OK for: log4js@6.9.1 want: ^4.3.4
115 silly placeDep ROOT flatted@3.3.3 OK for: log4js@6.9.1 want: ^3.2.7
116 silly placeDep ROOT rfdc@1.4.1 OK for: log4js@6.9.1 want: ^1.3.0
117 silly placeDep ROOT streamroller@3.1.5 OK for: log4js@6.9.1 want: ^3.1.5
118 silly fetch manifest ms@^2.1.3
119 silly packumentCache full:https://registry.npmjs.org/ms cache-miss
120 silly fetch manifest fs-extra@^8.1.0
121 silly packumentCache full:https://registry.npmjs.org/fs-extra cache-miss
122 http fetch GET 200 https://registry.npmjs.org/fs-extra 72ms (cache revalidated)
123 silly packumentCache full:https://registry.npmjs.org/fs-extra set size:223131 disposed:false
124 http fetch GET 200 https://registry.npmjs.org/ms 77ms (cache revalidated)
125 silly packumentCache full:https://registry.npmjs.org/ms set size:84883 disposed:false
126 silly placeDep ROOT ms@2.1.3 OK for: debug@4.4.1 want: ^2.1.3
127 silly placeDep ROOT fs-extra@8.1.0 OK for: streamroller@3.1.5 want: ^8.1.0
128 silly fetch manifest jsonfile@^4.0.0
129 silly packumentCache full:https://registry.npmjs.org/jsonfile cache-miss
130 silly fetch manifest graceful-fs@^4.2.0
131 silly packumentCache full:https://registry.npmjs.org/graceful-fs cache-miss
132 silly fetch manifest universalify@^0.1.0
133 silly packumentCache full:https://registry.npmjs.org/universalify cache-miss
134 http fetch GET 200 https://registry.npmjs.org/jsonfile 74ms (cache revalidated)
135 silly packumentCache full:https://registry.npmjs.org/jsonfile set size:49739 disposed:false
136 http fetch GET 200 https://registry.npmjs.org/universalify 78ms (cache revalidated)
137 silly packumentCache full:https://registry.npmjs.org/universalify set size:19431 disposed:false
138 http fetch GET 200 https://registry.npmjs.org/graceful-fs 130ms (cache revalidated)
139 silly packumentCache full:https://registry.npmjs.org/graceful-fs set size:124285 disposed:false
140 silly placeDep ROOT graceful-fs@4.2.11 OK for: fs-extra@8.1.0 want: ^4.2.0
141 silly placeDep ROOT jsonfile@4.0.0 OK for: fs-extra@8.1.0 want: ^4.0.0
142 silly placeDep ROOT universalify@0.1.2 OK for: fs-extra@8.1.0 want: ^0.1.0
143 silly reify moves {}
144 silly audit bulk request {
144 silly audit   'types-registry': [ '0.1.730' ],
144 silly audit   '@types/jquery': [ '3.5.32' ],
144 silly audit   '@types/karma': [ '6.3.9' ],
144 silly audit   '@types/karma-chrome-launcher': [ '3.1.4' ],
144 silly audit   '@types/karma-coverage': [ '2.0.3' ],
144 silly audit   '@types/karma-jasmine': [ '4.0.5' ],
144 silly audit   '@types/karma-jasmine-html-reporter': [ '1.7.3' ],
144 silly audit   '@types/sizzle': [ '2.3.9' ],
144 silly audit   '@types/node': [ '24.0.15' ],
144 silly audit   log4js: [ '6.9.1' ],
144 silly audit   '@types/istanbul': [ '0.4.34' ],
144 silly audit   '@types/jasmine': [ '5.1.8' ],
144 silly audit   'undici-types': [ '7.8.0' ],
144 silly audit   'date-format': [ '4.0.14' ],
144 silly audit   debug: [ '4.4.1' ],
144 silly audit   flatted: [ '3.3.3' ],
144 silly audit   rfdc: [ '1.4.1' ],
144 silly audit   streamroller: [ '3.1.5' ],
144 silly audit   ms: [ '2.1.3' ],
144 silly audit   'fs-extra': [ '8.1.0' ],
144 silly audit   'graceful-fs': [ '4.2.11' ],
144 silly audit   jsonfile: [ '4.0.0' ],
144 silly audit   universalify: [ '0.1.2' ]
144 silly audit }
145 http cache universalify@https://registry.npmjs.org/universalify/-/universalify-0.1.2.tgz 0ms (cache hit)
146 http cache graceful-fs@https://registry.npmjs.org/graceful-fs/-/graceful-fs-4.2.11.tgz 0ms (cache hit)
147 http cache fs-extra@https://registry.npmjs.org/fs-extra/-/fs-extra-8.1.0.tgz 0ms (cache hit)
148 http cache jsonfile@https://registry.npmjs.org/jsonfile/-/jsonfile-4.0.0.tgz 0ms (cache hit)
149 http cache ms@https://registry.npmjs.org/ms/-/ms-2.1.3.tgz 0ms (cache hit)
150 http cache rfdc@https://registry.npmjs.org/rfdc/-/rfdc-1.4.1.tgz 0ms (cache hit)
151 http cache debug@https://registry.npmjs.org/debug/-/debug-4.4.1.tgz 0ms (cache hit)
152 http cache date-format@https://registry.npmjs.org/date-format/-/date-format-4.0.14.tgz 0ms (cache hit)
153 http cache undici-types@https://registry.npmjs.org/undici-types/-/undici-types-7.8.0.tgz 0ms (cache hit)
154 http cache @types/jasmine@https://registry.npmjs.org/@types/jasmine/-/jasmine-5.1.8.tgz 0ms (cache hit)
155 http cache flatted@https://registry.npmjs.org/flatted/-/flatted-3.3.3.tgz 0ms (cache hit)
156 http cache @types/istanbul@https://registry.npmjs.org/@types/istanbul/-/istanbul-0.4.34.tgz 0ms (cache hit)
157 http cache log4js@https://registry.npmjs.org/log4js/-/log4js-6.9.1.tgz 0ms (cache hit)
158 http cache @types/node@https://registry.npmjs.org/@types/node/-/node-24.0.15.tgz 0ms (cache hit)
159 http cache @types/sizzle@https://registry.npmjs.org/@types/sizzle/-/sizzle-2.3.9.tgz 0ms (cache hit)
160 http cache @types/karma-jasmine-html-reporter@https://registry.npmjs.org/@types/karma-jasmine-html-reporter/-/karma-jasmine-html-reporter-1.7.3.tgz 0ms (cache hit)
161 http cache streamroller@https://registry.npmjs.org/streamroller/-/streamroller-3.1.5.tgz 0ms (cache hit)
162 http cache @types/karma-jasmine@https://registry.npmjs.org/@types/karma-jasmine/-/karma-jasmine-4.0.5.tgz 0ms (cache hit)
163 http cache @types/karma-coverage@https://registry.npmjs.org/@types/karma-coverage/-/karma-coverage-2.0.3.tgz 0ms (cache hit)
164 http cache @types/karma@https://registry.npmjs.org/@types/karma/-/karma-6.3.9.tgz 0ms (cache hit)
165 http cache @types/karma-chrome-launcher@https://registry.npmjs.org/@types/karma-chrome-launcher/-/karma-chrome-launcher-3.1.4.tgz 0ms (cache hit)
166 http cache @types/jquery@https://registry.npmjs.org/@types/jquery/-/jquery-3.5.32.tgz 0ms (cache hit)
167 silly tarball no local data for @types/istanbul@https://registry.npmjs.org/@types/istanbul/-/istanbul-0.4.34.tgz. Extracting by manifest.
168 silly tarball no local data for @types/node@https://registry.npmjs.org/@types/node/-/node-24.0.15.tgz. Extracting by manifest.
169 silly tarball no local data for @types/sizzle@https://registry.npmjs.org/@types/sizzle/-/sizzle-2.3.9.tgz. Extracting by manifest.
170 silly tarball no local data for @types/karma-jasmine-html-reporter@https://registry.npmjs.org/@types/karma-jasmine-html-reporter/-/karma-jasmine-html-reporter-1.7.3.tgz. Extracting by manifest.
171 silly tarball no local data for @types/karma-jasmine@https://registry.npmjs.org/@types/karma-jasmine/-/karma-jasmine-4.0.5.tgz. Extracting by manifest.
172 silly tarball no local data for @types/karma-coverage@https://registry.npmjs.org/@types/karma-coverage/-/karma-coverage-2.0.3.tgz. Extracting by manifest.
173 silly tarball no local data for @types/jquery@https://registry.npmjs.org/@types/jquery/-/jquery-3.5.32.tgz. Extracting by manifest.
174 silly tarball no local data for @types/karma@https://registry.npmjs.org/@types/karma/-/karma-6.3.9.tgz. Extracting by manifest.
175 silly tarball no local data for @types/karma-chrome-launcher@https://registry.npmjs.org/@types/karma-chrome-launcher/-/karma-chrome-launcher-3.1.4.tgz. Extracting by manifest.
176 http fetch GET 200 https://registry.npmjs.org/@types/istanbul/-/istanbul-0.4.34.tgz 79ms (cache miss)
177 http fetch GET 200 https://registry.npmjs.org/@types/karma-jasmine-html-reporter/-/karma-jasmine-html-reporter-1.7.3.tgz 90ms (cache miss)
178 http fetch GET 200 https://registry.npmjs.org/@types/sizzle/-/sizzle-2.3.9.tgz 91ms (cache miss)
179 http fetch GET 200 https://registry.npmjs.org/@types/karma-jasmine/-/karma-jasmine-4.0.5.tgz 129ms (cache miss)
180 http fetch GET 200 https://registry.npmjs.org/@types/node/-/node-24.0.15.tgz 247ms (cache miss)
181 http fetch GET 200 https://registry.npmjs.org/@types/karma-coverage/-/karma-coverage-2.0.3.tgz 276ms (cache miss)
182 http fetch GET 200 https://registry.npmjs.org/@types/karma/-/karma-6.3.9.tgz 278ms (cache miss)
183 http fetch GET 200 https://registry.npmjs.org/@types/karma-chrome-launcher/-/karma-chrome-launcher-3.1.4.tgz 285ms (cache miss)
184 http fetch POST 200 https://registry.npmjs.org/-/npm/v1/security/advisories/bulk 371ms
185 silly audit report {}
186 http fetch GET 200 https://registry.npmjs.org/@types/jquery/-/jquery-3.5.32.tgz 368ms (cache miss)
187 silly ADD node_modules/universalify
188 silly ADD node_modules/jsonfile
189 silly ADD node_modules/graceful-fs
190 silly ADD node_modules/fs-extra
191 silly ADD node_modules/ms
192 silly ADD node_modules/streamroller
193 silly ADD node_modules/rfdc
194 silly ADD node_modules/flatted
195 silly ADD node_modules/debug
196 silly ADD node_modules/date-format
197 silly ADD node_modules/undici-types
198 silly ADD node_modules/@types/jasmine
199 silly ADD node_modules/@types/istanbul
200 silly ADD node_modules/log4js
201 silly ADD node_modules/@types/node
202 silly ADD node_modules/@types/sizzle
203 silly ADD node_modules/@types/karma-jasmine-html-reporter
204 silly ADD node_modules/@types/karma-jasmine
205 silly ADD node_modules/@types/karma-coverage
206 silly ADD node_modules/@types/karma-chrome-launcher
207 silly ADD node_modules/@types/karma
208 silly ADD node_modules/@types/jquery
209 verbose cwd /Users/bahriyegavaz/Library/Caches/typescript/5.8
210 verbose os Darwin 23.6.0
211 verbose node v24.4.1
212 verbose npm  v11.4.2
213 verbose exit 0
214 info ok
