0 verbose cli /Users/bahriyegavaz/.nvm/versions/node/v24.4.1/bin/node /Users/bahriyegavaz/.nvm/versions/node/v24.4.1/bin/npm
1 info using npm@11.4.2
2 info using node@v24.4.1
3 silly config load:file:/Users/bahriyegavaz/.nvm/versions/node/v24.4.1/lib/node_modules/npm/npmrc
4 silly config load:file:/Users/bahriyegavaz/Library/Caches/typescript/5.8/.npmrc
5 silly config load:file:/Users/bahriyegavaz/.npmrc
6 silly config load:file:/Users/bahriyegavaz/.nvm/versions/node/v24.4.1/etc/npmrc
7 verbose title npm install types-registry@latest
8 verbose argv "install" "--ignore-scripts" "types-registry@latest"
9 verbose logfile logs-max:10 dir:/Users/bahriyegavaz/.npm/_logs/2025-07-21T07_36_16_355Z-
10 verbose logfile /Users/bahriyegavaz/.npm/_logs/2025-07-21T07_36_16_355Z-debug-0.log
11 silly logfile start cleaning logs, removing 1 files
12 silly packumentCache heap:4496293888 maxSize:1124073472 maxEntrySize:562036736
13 silly packumentCache corgi:https://registry.npmjs.org/types-registry cache-miss
14 silly logfile done cleaning log files
15 http fetch GET 200 https://registry.npmjs.org/types-registry 629ms (cache updated)
16 silly packumentCache corgi:https://registry.npmjs.org/types-registry set size:undefined disposed:false
17 silly idealTree buildDeps
18 silly fetch manifest types-registry@0.1.730
19 silly packumentCache full:https://registry.npmjs.org/types-registry cache-miss
20 http fetch GET 200 https://registry.npmjs.org/types-registry 205ms (cache updated)
21 silly packumentCache full:https://registry.npmjs.org/types-registry set size:undefined disposed:false
22 silly placeDep ROOT types-registry@0.1.730 REPLACE for:  want: 0.1.730
23 silly reify mark retired [
23 silly reify   '/Users/bahriyegavaz/Library/Caches/typescript/5.8/node_modules/types-registry'
23 silly reify ]
24 silly reify moves {
24 silly reify   '/Users/bahriyegavaz/Library/Caches/typescript/5.8/node_modules/types-registry': '/Users/bahriyegavaz/Library/Caches/typescript/5.8/node_modules/.types-registry-ecY6sHkR'
24 silly reify }
25 silly audit bulk request { 'types-registry': [ '0.1.730' ] }
26 http cache types-registry@https://registry.npmjs.org/types-registry/-/types-registry-0.1.730.tgz 0ms (cache hit)
27 silly tarball no local data for types-registry@https://registry.npmjs.org/types-registry/-/types-registry-0.1.730.tgz. Extracting by manifest.
28 http fetch POST 200 https://registry.npmjs.org/-/npm/v1/security/advisories/bulk 383ms
29 silly audit report {}
30 http fetch GET 200 https://registry.npmjs.org/types-registry/-/types-registry-0.1.730.tgz 492ms (cache miss)
31 silly CHANGE node_modules/types-registry
32 verbose cwd /Users/bahriyegavaz/Library/Caches/typescript/5.8
33 verbose os Darwin 23.6.0
34 verbose node v24.4.1
35 verbose npm  v11.4.2
36 verbose exit 0
37 info ok
