0 verbose cli /Users/bahriyegavaz/.nvm/versions/node/v24.4.1/bin/node /Users/bahriyegavaz/.nvm/versions/node/v24.4.1/bin/npm
1 info using npm@11.4.2
2 info using node@v24.4.1
3 silly config load:file:/Users/bahriyegavaz/.nvm/versions/node/v24.4.1/lib/node_modules/npm/npmrc
4 silly config load:file:/Users/bahriyegavaz/proj1/.npmrc
5 silly config load:file:/Users/bahriyegavaz/.npmrc
6 silly config load:file:/Users/bahriyegavaz/.nvm/versions/node/v24.4.1/etc/npmrc
7 verbose title npm install @types/jquery
8 verbose argv "install" "--save-dev" "@types/jquery"
9 verbose logfile logs-max:10 dir:/Users/bahriyegavaz/.npm/_logs/2025-07-21T07_50_58_975Z-
10 verbose logfile /Users/bahriyegavaz/.npm/_logs/2025-07-21T07_50_58_975Z-debug-0.log
11 silly logfile start cleaning logs, removing 1 files
12 silly packumentCache heap:4496293888 maxSize:1124073472 maxEntrySize:562036736
13 silly logfile done cleaning log files
14 silly idealTree buildDeps
15 silly fetch manifest @types/jquery@*
16 silly packumentCache full:https://registry.npmjs.org/@types%2fjquery cache-miss
17 http fetch GET 200 https://registry.npmjs.org/@types%2fjquery 908ms (cache revalidated)
18 silly packumentCache full:https://registry.npmjs.org/@types%2fjquery set size:530136 disposed:false
19 silly placeDep ROOT @types/jquery@3.5.32 OK for: proj1@0.0.0 want: *
20 silly fetch manifest @types/sizzle@*
21 silly packumentCache full:https://registry.npmjs.org/@types%2fsizzle cache-miss
22 http fetch GET 200 https://registry.npmjs.org/@types%2fsizzle 327ms (cache revalidated)
23 silly packumentCache full:https://registry.npmjs.org/@types%2fsizzle set size:17037 disposed:false
24 silly placeDep ROOT @types/sizzle@2.3.9 OK for: @types/jquery@3.5.32 want: *
25 silly reify moves {}
26 silly audit bulk request {
26 silly audit   '@algolia/client-abtesting': [ '5.32.0' ],
26 silly audit   '@algolia/client-analytics': [ '5.32.0' ],
26 silly audit   '@algolia/client-common': [ '5.32.0' ],
26 silly audit   '@algolia/client-insights': [ '5.32.0' ],
26 silly audit   '@algolia/client-personalization': [ '5.32.0' ],
26 silly audit   '@algolia/client-query-suggestions': [ '5.32.0' ],
26 silly audit   '@algolia/client-search': [ '5.32.0' ],
26 silly audit   '@algolia/ingestion': [ '1.32.0' ],
26 silly audit   '@algolia/monitoring': [ '1.32.0' ],
26 silly audit   '@algolia/recommend': [ '5.32.0' ],
26 silly audit   '@algolia/requester-browser-xhr': [ '5.32.0' ],
26 silly audit   '@algolia/requester-fetch': [ '5.32.0' ],
26 silly audit   '@algolia/requester-node-http': [ '5.32.0' ],
26 silly audit   '@ampproject/remapping': [ '2.3.0' ],
26 silly audit   '@angular-devkit/architect': [ '0.2001.1' ],
26 silly audit   '@angular-devkit/core': [ '20.1.1' ],
26 silly audit   '@angular-devkit/schematics': [ '20.1.1' ],
26 silly audit   '@angular/build': [ '20.1.1' ],
26 silly audit   '@angular/cli': [ '20.1.1' ],
26 silly audit   '@angular/common': [ '20.1.2' ],
26 silly audit   '@angular/compiler': [ '20.1.2' ],
26 silly audit   '@angular/compiler-cli': [ '20.1.2' ],
26 silly audit   '@babel/core': [ '7.28.0', '7.27.7' ],
26 silly audit   'convert-source-map': [ '2.0.0', '1.9.0' ],
26 silly audit   semver: [ '6.3.1', '7.7.2' ],
26 silly audit   '@angular/core': [ '20.1.2' ],
26 silly audit   '@angular/forms': [ '20.1.2' ],
26 silly audit   '@angular/platform-browser': [ '20.1.2' ],
26 silly audit   '@angular/router': [ '20.1.2' ],
26 silly audit   '@babel/code-frame': [ '7.27.1' ],
26 silly audit   '@babel/compat-data': [ '7.28.0' ],
26 silly audit   '@babel/generator': [ '7.28.0' ],
26 silly audit   '@babel/helper-annotate-as-pure': [ '7.27.3' ],
26 silly audit   '@babel/helper-compilation-targets': [ '7.27.2' ],
26 silly audit   '@babel/helper-globals': [ '7.28.0' ],
26 silly audit   '@babel/helper-module-imports': [ '7.27.1' ],
26 silly audit   '@babel/helper-module-transforms': [ '7.27.3' ],
26 silly audit   '@babel/helper-split-export-declaration': [ '7.24.7' ],
26 silly audit   '@babel/helper-string-parser': [ '7.27.1' ],
26 silly audit   '@babel/helper-validator-identifier': [ '7.27.1' ],
26 silly audit   '@babel/helper-validator-option': [ '7.27.1' ],
26 silly audit   '@babel/helpers': [ '7.27.6' ],
26 silly audit   '@babel/parser': [ '7.28.0' ],
26 silly audit   '@babel/template': [ '7.27.2' ],
26 silly audit   '@babel/traverse': [ '7.28.0' ],
26 silly audit   '@babel/types': [ '7.28.1' ],
26 silly audit   '@colors/colors': [ '1.5.0' ],
26 silly audit   '@esbuild/aix-ppc64': [ '0.25.5' ],
26 silly audit   '@esbuild/android-arm': [ '0.25.5' ],
26 silly audit   '@esbuild/android-arm64': [ '0.25.5' ],
26 silly audit   '@esbuild/android-x64': [ '0.25.5' ],
26 silly audit   '@esbuild/darwin-arm64': [ '0.25.5' ],
26 silly audit   '@esbuild/darwin-x64': [ '0.25.5' ],
26 silly audit   '@esbuild/freebsd-arm64': [ '0.25.5' ],
26 silly audit   '@esbuild/freebsd-x64': [ '0.25.5' ],
26 silly audit   '@esbuild/linux-arm': [ '0.25.5' ],
26 silly audit   '@esbuild/linux-arm64': [ '0.25.5' ],
26 silly audit   '@esbuild/linux-ia32': [ '0.25.5' ],
26 silly audit   '@esbuild/linux-loong64': [ '0.25.5' ],
26 silly audit   '@esbuild/linux-mips64el': [ '0.25.5' ],
26 silly audit   '@esbuild/linux-ppc64': [ '0.25.5' ],
26 silly audit   '@esbuild/linux-riscv64': [ '0.25.5' ],
26 silly audit   '@esbuild/linux-s390x': [ '0.25.5' ],
26 silly audit   '@esbuild/linux-x64': [ '0.25.5' ],
26 silly audit   '@esbuild/netbsd-arm64': [ '0.25.5' ],
26 silly audit   '@esbuild/netbsd-x64': [ '0.25.5' ],
26 silly audit   '@esbuild/openbsd-arm64': [ '0.25.5' ],
26 silly audit   '@esbuild/openbsd-x64': [ '0.25.5' ],
26 silly audit   '@esbuild/sunos-x64': [ '0.25.5' ],
26 silly audit   '@esbuild/win32-arm64': [ '0.25.5' ],
26 silly audit   '@esbuild/win32-ia32': [ '0.25.5' ],
26 silly audit   '@esbuild/win32-x64': [ '0.25.5' ],
26 silly audit   '@inquirer/checkbox': [ '4.1.9' ],
26 silly audit   '@inquirer/confirm': [ '5.1.13' ],
26 silly audit   '@inquirer/core': [ '10.1.14' ],
26 silly audit   '@inquirer/editor': [ '4.2.14' ],
26 silly audit   '@inquirer/expand': [ '4.0.16' ],
26 silly audit   '@inquirer/figures': [ '1.0.12' ],
26 silly audit   '@inquirer/input': [ '4.2.0' ],
26 silly audit   '@inquirer/number': [ '3.0.16' ],
26 silly audit   '@inquirer/password': [ '4.0.16' ],
26 silly audit   '@inquirer/prompts': [ '7.6.0' ],
26 silly audit   '@inquirer/rawlist': [ '4.1.4' ],
26 silly audit   '@inquirer/search': [ '3.0.16' ],
26 silly audit   '@inquirer/select': [ '4.2.4' ],
26 silly audit   '@inquirer/type': [ '3.0.7', '1.5.5' ],
26 silly audit   '@isaacs/cliui': [ '8.0.2' ],
26 silly audit   'emoji-regex': [ '9.2.2', '10.4.0', '8.0.0' ],
26 silly audit   'string-width': [ '5.1.2', '4.2.3', '7.2.0' ],
26 silly audit   'wrap-ansi': [ '8.1.0', '9.0.0', '7.0.0', '6.2.0' ],
26 silly audit   '@isaacs/fs-minipass': [ '4.0.1' ],
26 silly audit   '@istanbuljs/schema': [ '0.1.3' ],
26 silly audit   '@jridgewell/gen-mapping': [ '0.3.12' ],
26 silly audit   '@jridgewell/resolve-uri': [ '3.1.2' ],
26 silly audit   '@jridgewell/sourcemap-codec': [ '1.5.4' ],
26 silly audit   '@jridgewell/trace-mapping': [ '0.3.29' ],
26 silly audit   '@listr2/prompt-adapter-inquirer': [ '2.0.22' ],
26 silly audit   'mute-stream': [ '1.0.0', '2.0.0' ],
26 silly audit   '@lmdb/lmdb-darwin-arm64': [ '3.4.1' ],
26 silly audit   '@lmdb/lmdb-darwin-x64': [ '3.4.1' ],
26 silly audit   '@lmdb/lmdb-linux-arm': [ '3.4.1' ],
26 silly audit   '@lmdb/lmdb-linux-arm64': [ '3.4.1' ],
26 silly audit   '@lmdb/lmdb-linux-x64': [ '3.4.1' ],
26 silly audit   '@lmdb/lmdb-win32-arm64': [ '3.4.1' ],
26 silly audit   '@lmdb/lmdb-win32-x64': [ '3.4.1' ],
26 silly audit   '@modelcontextprotocol/sdk': [ '1.13.3' ],
26 silly audit   ajv: [ '6.12.6', '8.17.1' ],
26 silly audit   'json-schema-traverse': [ '0.4.1', '1.0.0' ],
26 silly audit   '@msgpackr-extract/msgpackr-extract-darwin-arm64': [ '3.0.3' ],
26 silly audit   '@msgpackr-extract/msgpackr-extract-darwin-x64': [ '3.0.3' ],
26 silly audit   '@msgpackr-extract/msgpackr-extract-linux-arm': [ '3.0.3' ],
26 silly audit   '@msgpackr-extract/msgpackr-extract-linux-arm64': [ '3.0.3' ],
26 silly audit   '@msgpackr-extract/msgpackr-extract-linux-x64': [ '3.0.3' ],
26 silly audit   '@msgpackr-extract/msgpackr-extract-win32-x64': [ '3.0.3' ],
26 silly audit   '@napi-rs/nice': [ '1.0.4' ],
26 silly audit   '@napi-rs/nice-android-arm-eabi': [ '1.0.4' ],
26 silly audit   '@napi-rs/nice-android-arm64': [ '1.0.4' ],
26 silly audit   '@napi-rs/nice-darwin-arm64': [ '1.0.4' ],
26 silly audit   '@napi-rs/nice-darwin-x64': [ '1.0.4' ],
26 silly audit   '@napi-rs/nice-freebsd-x64': [ '1.0.4' ],
26 silly audit   '@napi-rs/nice-linux-arm-gnueabihf': [ '1.0.4' ],
26 silly audit   '@napi-rs/nice-linux-arm64-gnu': [ '1.0.4' ],
26 silly audit   '@napi-rs/nice-linux-arm64-musl': [ '1.0.4' ],
26 silly audit   '@napi-rs/nice-linux-ppc64-gnu': [ '1.0.4' ],
26 silly audit   '@napi-rs/nice-linux-riscv64-gnu': [ '1.0.4' ],
26 silly audit   '@napi-rs/nice-linux-s390x-gnu': [ '1.0.4' ],
26 silly audit   '@napi-rs/nice-linux-x64-gnu': [ '1.0.4' ],
26 silly audit   '@napi-rs/nice-linux-x64-musl': [ '1.0.4' ],
26 silly audit   '@napi-rs/nice-win32-arm64-msvc': [ '1.0.4' ],
26 silly audit   '@napi-rs/nice-win32-ia32-msvc': [ '1.0.4' ],
26 silly audit   '@napi-rs/nice-win32-x64-msvc': [ '1.0.4' ],
26 silly audit   '@npmcli/agent': [ '3.0.0' ],
26 silly audit   'lru-cache': [ '10.4.3', '5.1.1' ],
26 silly audit   '@npmcli/fs': [ '4.0.0' ],
26 silly audit   '@npmcli/git': [ '6.0.3' ],
26 silly audit   isexe: [ '3.1.1', '2.0.0' ],
26 silly audit   which: [ '5.0.0', '1.3.1', '2.0.2' ],
26 silly audit   '@npmcli/installed-package-contents': [ '3.0.0' ],
26 silly audit   '@npmcli/node-gyp': [ '4.0.0' ],
26 silly audit   '@npmcli/package-json': [ '6.2.0' ],
26 silly audit   'brace-expansion': [ '2.0.2', '1.1.12' ],
26 silly audit   glob: [ '10.4.5', '7.2.3' ],
26 silly audit   minimatch: [ '9.0.5', '3.1.2' ],
26 silly audit   '@npmcli/promise-spawn': [ '8.0.2' ],
26 silly audit   '@npmcli/redact': [ '3.2.2' ],
26 silly audit   '@npmcli/run-script': [ '9.1.0' ],
26 silly audit   '@parcel/watcher': [ '2.5.1' ],
26 silly audit   '@parcel/watcher-android-arm64': [ '2.5.1' ],
26 silly audit   '@parcel/watcher-darwin-arm64': [ '2.5.1' ],
26 silly audit   '@parcel/watcher-darwin-x64': [ '2.5.1' ],
26 silly audit   '@parcel/watcher-freebsd-x64': [ '2.5.1' ],
26 silly audit   '@parcel/watcher-linux-arm-glibc': [ '2.5.1' ],
26 silly audit   '@parcel/watcher-linux-arm-musl': [ '2.5.1' ],
26 silly audit   '@parcel/watcher-linux-arm64-glibc': [ '2.5.1' ],
26 silly audit   '@parcel/watcher-linux-arm64-musl': [ '2.5.1' ],
26 silly audit   '@parcel/watcher-linux-x64-glibc': [ '2.5.1' ],
26 silly audit   '@parcel/watcher-linux-x64-musl': [ '2.5.1' ],
26 silly audit   '@parcel/watcher-win32-arm64': [ '2.5.1' ],
26 silly audit   '@parcel/watcher-win32-ia32': [ '2.5.1' ],
26 silly audit   '@parcel/watcher-win32-x64': [ '2.5.1' ],
26 silly audit   'detect-libc': [ '1.0.3', '2.0.4' ],
26 silly audit   'node-addon-api': [ '7.1.1', '6.1.0' ],
26 silly audit   '@pkgjs/parseargs': [ '0.11.0' ],
26 silly audit   '@rollup/rollup-android-arm-eabi': [ '4.44.1' ],
26 silly audit   '@rollup/rollup-android-arm64': [ '4.44.1' ],
26 silly audit   '@rollup/rollup-darwin-arm64': [ '4.44.1' ],
26 silly audit   '@rollup/rollup-darwin-x64': [ '4.44.1' ],
26 silly audit   '@rollup/rollup-freebsd-arm64': [ '4.44.1' ],
26 silly audit   '@rollup/rollup-freebsd-x64': [ '4.44.1' ],
26 silly audit   '@rollup/rollup-linux-arm-gnueabihf': [ '4.44.1' ],
26 silly audit   '@rollup/rollup-linux-arm-musleabihf': [ '4.44.1' ],
26 silly audit   '@rollup/rollup-linux-arm64-gnu': [ '4.44.1' ],
26 silly audit   '@rollup/rollup-linux-arm64-musl': [ '4.44.1' ],
26 silly audit   '@rollup/rollup-linux-loongarch64-gnu': [ '4.44.1' ],
26 silly audit   '@rollup/rollup-linux-powerpc64le-gnu': [ '4.44.1' ],
26 silly audit   '@rollup/rollup-linux-riscv64-gnu': [ '4.44.1' ],
26 silly audit   '@rollup/rollup-linux-riscv64-musl': [ '4.44.1' ],
26 silly audit   '@rollup/rollup-linux-s390x-gnu': [ '4.44.1' ],
26 silly audit   '@rollup/rollup-linux-x64-gnu': [ '4.44.1' ],
26 silly audit   '@rollup/rollup-linux-x64-musl': [ '4.44.1' ],
26 silly audit   '@rollup/rollup-win32-arm64-msvc': [ '4.44.1' ],
26 silly audit   '@rollup/rollup-win32-ia32-msvc': [ '4.44.1' ],
26 silly audit   '@rollup/rollup-win32-x64-msvc': [ '4.44.1' ],
26 silly audit   '@schematics/angular': [ '20.1.1' ],
26 silly audit   '@sigstore/bundle': [ '3.1.0' ],
26 silly audit   '@sigstore/core': [ '2.0.0' ],
26 silly audit   '@sigstore/protobuf-specs': [ '0.4.3' ],
26 silly audit   '@sigstore/sign': [ '3.1.0' ],
26 silly audit   '@sigstore/tuf': [ '3.1.1' ],
26 silly audit   '@sigstore/verify': [ '2.1.1' ],
26 silly audit   '@socket.io/component-emitter': [ '3.1.2' ],
26 silly audit   '@tufjs/canonical-json': [ '2.0.0' ],
26 silly audit   '@tufjs/models': [ '3.0.1' ],
26 silly audit   '@types/cors': [ '2.8.19' ],
26 silly audit   '@types/estree': [ '1.0.8' ],
26 silly audit   '@types/jasmine': [ '5.1.8' ],
26 silly audit   '@types/node': [ '24.0.14' ],
26 silly audit   '@vitejs/plugin-basic-ssl': [ '2.1.0' ],
26 silly audit   '@yarnpkg/lockfile': [ '1.1.0' ],
26 silly audit   abbrev: [ '3.0.1' ],
26 silly audit   accepts: [ '2.0.0', '1.3.8' ],
26 silly audit   'agent-base': [ '7.1.4' ],
26 silly audit   'ajv-formats': [ '3.0.1' ],
26 silly audit   algoliasearch: [ '5.32.0' ],
26 silly audit   'ansi-escapes': [ '4.3.2', '7.0.0' ],
26 silly audit   'ansi-regex': [ '6.1.0', '5.0.1' ],
26 silly audit   'ansi-styles': [ '6.2.1', '4.3.0' ],
26 silly audit   anymatch: [ '3.1.3' ],
26 silly audit   picomatch: [ '2.3.1', '4.0.2' ],
26 silly audit   'balanced-match': [ '1.0.2' ],
26 silly audit   base64id: [ '2.0.0' ],
26 silly audit   beasties: [ '0.3.4' ],
26 silly audit   'binary-extensions': [ '2.3.0' ],
26 silly audit   'body-parser': [ '2.2.0', '1.20.3' ],
26 silly audit   boolbase: [ '1.0.0' ],
26 silly audit   braces: [ '3.0.3' ],
26 silly audit   browserslist: [ '4.25.1' ],
26 silly audit   'buffer-from': [ '1.1.2' ],
26 silly audit   bytes: [ '3.1.2' ],
26 silly audit   cacache: [ '19.0.1' ],
26 silly audit   chownr: [ '3.0.0', '2.0.0' ],
26 silly audit   mkdirp: [ '3.0.1', '0.5.6', '1.0.4' ],
26 silly audit   tar: [ '7.4.3', '6.2.1' ],
26 silly audit   yallist: [ '5.0.0', '4.0.0', '3.1.1' ],
26 silly audit   'call-bind-apply-helpers': [ '1.0.2' ],
26 silly audit   'call-bound': [ '1.0.4' ],
26 silly audit   'caniuse-lite': [ '1.0.30001727' ],
26 silly audit   chalk: [ '5.4.1' ],
26 silly audit   chardet: [ '0.7.0' ],
26 silly audit   chokidar: [ '4.0.3', '3.6.0' ],
26 silly audit   'cli-cursor': [ '5.0.0' ],
26 silly audit   'cli-spinners': [ '2.9.2' ],
26 silly audit   'cli-truncate': [ '4.0.0' ],
26 silly audit   'cli-width': [ '4.1.0' ],
26 silly audit   cliui: [ '9.0.1', '7.0.4' ],
26 silly audit   'color-convert': [ '2.0.1' ],
26 silly audit   'color-name': [ '1.1.4' ],
26 silly audit   colorette: [ '2.0.20' ],
26 silly audit   'concat-map': [ '0.0.1' ],
26 silly audit   connect: [ '3.7.0' ],
26 silly audit   debug: [ '2.6.9', '4.4.1', '4.3.7' ],
26 silly audit   encodeurl: [ '1.0.2', '2.0.0' ],
26 silly audit   finalhandler: [ '1.1.2', '2.1.0' ],
26 silly audit   ms: [ '2.0.0', '2.1.3' ],
26 silly audit   'on-finished': [ '2.3.0', '2.4.1' ],
26 silly audit   statuses: [ '1.5.0', '2.0.1', '2.0.2' ],
26 silly audit   'content-disposition': [ '1.0.0' ],
26 silly audit   'content-type': [ '1.0.5' ],
26 silly audit   cookie: [ '0.7.2' ],
26 silly audit   'cookie-signature': [ '1.2.2' ],
26 silly audit   cors: [ '2.8.5' ],
26 silly audit   'cross-spawn': [ '7.0.6' ],
26 silly audit   'css-select': [ '5.2.2' ],
26 silly audit   'css-what': [ '6.2.2' ],
26 silly audit   'custom-event': [ '1.0.1' ],
26 silly audit   'date-format': [ '4.0.14' ],
26 silly audit   depd: [ '2.0.0' ],
26 silly audit   destroy: [ '1.2.0' ],
26 silly audit   di: [ '0.0.1' ],
26 silly audit   'dom-serialize': [ '2.2.1' ],
26 silly audit   'dom-serializer': [ '2.0.0' ],
26 silly audit   domelementtype: [ '2.3.0' ],
26 silly audit   domhandler: [ '5.0.3' ],
26 silly audit   domutils: [ '3.2.2' ],
26 silly audit   'dunder-proto': [ '1.0.1' ],
26 silly audit   eastasianwidth: [ '0.2.0' ],
26 silly audit   'ee-first': [ '1.1.1' ],
26 silly audit   'electron-to-chromium': [ '1.5.187' ],
26 silly audit   encoding: [ '0.1.13' ],
26 silly audit   'engine.io': [ '6.6.4' ],
26 silly audit   'engine.io-parser': [ '5.2.3' ],
26 silly audit   'mime-db': [ '1.52.0', '1.54.0' ],
26 silly audit   'mime-types': [ '2.1.35', '3.0.1' ],
26 silly audit   negotiator: [ '0.6.3', '1.0.0' ],
26 silly audit   ent: [ '2.2.2' ],
26 silly audit   entities: [ '4.5.0', '6.0.1' ],
26 silly audit   'env-paths': [ '2.2.1' ],
26 silly audit   environment: [ '1.1.0' ],
26 silly audit   'err-code': [ '2.0.3' ],
26 silly audit   'es-define-property': [ '1.0.1' ],
26 silly audit   'es-errors': [ '1.3.0' ],
26 silly audit   'es-object-atoms': [ '1.1.1' ],
26 silly audit   esbuild: [ '0.25.5' ],
26 silly audit   escalade: [ '3.2.0' ],
26 silly audit   'escape-html': [ '1.0.3' ],
26 silly audit   etag: [ '1.8.1' ],
26 silly audit   eventemitter3: [ '4.0.7', '5.0.1' ],
26 silly audit   eventsource: [ '3.0.7' ],
26 silly audit   'eventsource-parser': [ '3.0.3' ],
26 silly audit   'exponential-backoff': [ '3.1.2' ],
26 silly audit   express: [ '5.1.0' ],
26 silly audit   'express-rate-limit': [ '7.5.1' ],
26 silly audit   extend: [ '3.0.2' ],
26 silly audit   'external-editor': [ '3.1.0' ],
26 silly audit   'iconv-lite': [ '0.4.24', '0.6.3' ],
26 silly audit   'fast-deep-equal': [ '3.1.3' ],
26 silly audit   'fast-json-stable-stringify': [ '2.1.0' ],
26 silly audit   'fast-uri': [ '3.0.6' ],
26 silly audit   fdir: [ '6.4.6' ],
26 silly audit   'fill-range': [ '7.1.1' ],
26 silly audit   flatted: [ '3.3.3' ],
26 silly audit   'follow-redirects': [ '1.15.9' ],
26 silly audit   'foreground-child': [ '3.3.1' ],
26 silly audit   forwarded: [ '0.2.0' ],
26 silly audit   fresh: [ '2.0.0' ],
26 silly audit   'fs-extra': [ '8.1.0' ],
26 silly audit   'fs-minipass': [ '3.0.3', '2.1.0' ],
26 silly audit   'fs.realpath': [ '1.0.0' ],
26 silly audit   fsevents: [ '2.3.3' ],
26 silly audit   'function-bind': [ '1.1.2' ],
26 silly audit   gensync: [ '1.0.0-beta.2' ],
26 silly audit   'get-caller-file': [ '2.0.5' ],
26 silly audit   'get-east-asian-width': [ '1.3.0' ],
26 silly audit   'get-intrinsic': [ '1.3.0' ],
26 silly audit   'get-proto': [ '1.0.1' ],
26 silly audit   'glob-parent': [ '5.1.2' ],
26 silly audit   'glob-to-regexp': [ '0.4.1' ],
26 silly audit   gopd: [ '1.2.0' ],
26 silly audit   'graceful-fs': [ '4.2.11' ],
26 silly audit   'has-flag': [ '4.0.0' ],
26 silly audit   'has-symbols': [ '1.1.0' ],
26 silly audit   'has-tostringtag': [ '1.0.2' ],
26 silly audit   hasown: [ '2.0.2' ],
26 silly audit   'hosted-git-info': [ '8.1.0' ],
26 silly audit   'html-escaper': [ '2.0.2' ],
26 silly audit   htmlparser2: [ '10.0.0' ],
26 silly audit   'http-cache-semantics': [ '4.2.0' ],
26 silly audit   'http-errors': [ '2.0.0' ],
26 silly audit   'http-proxy': [ '1.18.1' ],
26 silly audit   'http-proxy-agent': [ '7.0.2' ],
26 silly audit   'https-proxy-agent': [ '7.0.6' ],
26 silly audit   'ignore-walk': [ '7.0.0' ],
26 silly audit   immutable: [ '5.1.3' ],
26 silly audit   imurmurhash: [ '0.1.4' ],
26 silly audit   inflight: [ '1.0.6' ],
26 silly audit   inherits: [ '2.0.4' ],
26 silly audit   ini: [ '5.0.0' ],
26 silly audit   'ip-address': [ '9.0.5' ],
26 silly audit   'ipaddr.js': [ '1.9.1' ],
26 silly audit   'is-binary-path': [ '2.1.0' ],
26 silly audit   'is-core-module': [ '2.16.1' ],
26 silly audit   'is-extglob': [ '2.1.1' ],
26 silly audit   'is-fullwidth-code-point': [ '4.0.0', '3.0.0', '5.0.0' ],
26 silly audit   'is-glob': [ '4.0.3' ],
26 silly audit   'is-interactive': [ '2.0.0' ],
26 silly audit   'is-number': [ '7.0.0' ],
26 silly audit   'is-promise': [ '4.0.0' ],
26 silly audit   'is-regex': [ '1.2.1' ],
26 silly audit   'is-unicode-supported': [ '2.1.0', '1.3.0' ],
26 silly audit   isbinaryfile: [ '4.0.10' ],
26 silly audit   'istanbul-lib-coverage': [ '3.2.2' ],
26 silly audit   'istanbul-lib-instrument': [ '6.0.3', '5.2.1' ],
26 silly audit   'istanbul-lib-report': [ '3.0.1' ],
26 silly audit   'istanbul-lib-source-maps': [ '4.0.1' ],
26 silly audit   'source-map': [ '0.6.1', '0.7.4' ],
26 silly audit   'istanbul-reports': [ '3.1.7' ],
26 silly audit   jackspeak: [ '3.4.3' ],
26 silly audit   'jasmine-core': [ '5.8.0', '4.6.1' ],
26 silly audit   jquery: [ '3.7.1' ],
26 silly audit   'js-tokens': [ '4.0.0' ],
26 silly audit   jsbn: [ '1.1.0' ],
26 silly audit   jsesc: [ '3.1.0' ],
26 silly audit   'json-parse-even-better-errors': [ '4.0.0' ],
26 silly audit   json5: [ '2.2.3' ],
26 silly audit   'jsonc-parser': [ '3.3.1' ],
26 silly audit   jsonfile: [ '4.0.0' ],
26 silly audit   jsonparse: [ '1.3.1' ],
26 silly audit   karma: [ '6.4.4' ],
26 silly audit   'karma-chrome-launcher': [ '3.2.0' ],
26 silly audit   'karma-coverage': [ '2.2.1' ],
26 silly audit   'karma-jasmine': [ '5.1.0' ],
26 silly audit   'karma-jasmine-html-reporter': [ '2.1.0' ],
26 silly audit   'media-typer': [ '0.3.0', '1.1.0' ],
26 silly audit   qs: [ '6.13.0', '6.14.0' ],
26 silly audit   'raw-body': [ '2.5.2', '3.0.0' ],
26 silly audit   readdirp: [ '3.6.0', '4.1.2' ],
26 silly audit   'strip-ansi': [ '6.0.1', '7.1.0' ],
26 silly audit   tmp: [ '0.2.3', '0.0.33' ],
26 silly audit   'type-is': [ '1.6.18', '2.0.1' ],
26 silly audit   yargs: [ '16.2.0', '18.0.0' ],
26 silly audit   'yargs-parser': [ '20.2.9', '22.0.0' ],
26 silly audit   listr2: [ '8.3.3' ],
26 silly audit   lmdb: [ '3.4.1' ],
26 silly audit   lodash: [ '4.17.21' ],
26 silly audit   'log-symbols': [ '6.0.0' ],
26 silly audit   'log-update': [ '6.1.0' ],
26 silly audit   'slice-ansi': [ '7.1.0', '5.0.0' ],
26 silly audit   log4js: [ '6.9.1' ],
26 silly audit   'magic-string': [ '0.30.17' ],
26 silly audit   'make-dir': [ '4.0.0' ],
26 silly audit   'make-fetch-happen': [ '14.0.3' ],
26 silly audit   'math-intrinsics': [ '1.1.0' ],
26 silly audit   'merge-descriptors': [ '2.0.0' ],
26 silly audit   micromatch: [ '4.0.8' ],
26 silly audit   mime: [ '2.6.0' ],
26 silly audit   'mimic-function': [ '5.0.1' ],
26 silly audit   minimist: [ '1.2.8' ],
26 silly audit   minipass: [ '7.1.2', '3.3.6', '5.0.0' ],
26 silly audit   'minipass-collect': [ '2.0.1' ],
26 silly audit   'minipass-fetch': [ '4.0.1' ],
26 silly audit   'minipass-flush': [ '1.0.5' ],
26 silly audit   'minipass-pipeline': [ '1.2.4' ],
26 silly audit   'minipass-sized': [ '1.0.3' ],
26 silly audit   minizlib: [ '3.0.2', '2.1.2' ],
26 silly audit   mrmime: [ '2.0.1' ],
26 silly audit   msgpackr: [ '1.11.5' ],
26 silly audit   'msgpackr-extract': [ '3.0.3' ],
26 silly audit   nanoid: [ '3.3.11' ],
26 silly audit   'node-gyp': [ '11.2.0' ],
26 silly audit   'node-gyp-build-optional-packages': [ '5.2.2' ],
26 silly audit   'node-releases': [ '2.0.19' ],
26 silly audit   nopt: [ '8.1.0' ],
26 silly audit   'normalize-path': [ '3.0.0' ],
26 silly audit   'npm-bundled': [ '4.0.0' ],
26 silly audit   'npm-install-checks': [ '7.1.1' ],
26 silly audit   'npm-normalize-package-bin': [ '4.0.0' ],
26 silly audit   'npm-package-arg': [ '12.0.2' ],
26 silly audit   'npm-packlist': [ '10.0.0' ],
26 silly audit   'npm-pick-manifest': [ '10.0.0' ],
26 silly audit   'npm-registry-fetch': [ '18.0.2' ],
26 silly audit   'nth-check': [ '2.1.1' ],
26 silly audit   'object-assign': [ '4.1.1' ],
26 silly audit   'object-inspect': [ '1.13.4' ],
26 silly audit   once: [ '1.4.0' ],
26 silly audit   onetime: [ '7.0.0' ],
26 silly audit   ora: [ '8.2.0' ],
26 silly audit   'ordered-binary': [ '1.6.0' ],
26 silly audit   'os-tmpdir': [ '1.0.2' ],
26 silly audit   'p-map': [ '7.0.3' ],
26 silly audit   'package-json-from-dist': [ '1.0.1' ],
26 silly audit   pacote: [ '21.0.0' ],
26 silly audit   parse5: [ '7.3.0' ],
26 silly audit   'parse5-html-rewriting-stream': [ '7.1.0' ],
26 silly audit   'parse5-sax-parser': [ '7.0.0' ],
26 silly audit   parseurl: [ '1.3.3' ],
26 silly audit   'path-is-absolute': [ '1.0.1' ],
26 silly audit   'path-key': [ '3.1.1' ],
26 silly audit   'path-parse': [ '1.0.7' ],
26 silly audit   'path-scurry': [ '1.11.1' ],
26 silly audit   'path-to-regexp': [ '8.2.0' ],
26 silly audit   picocolors: [ '1.1.1' ],
26 silly audit   piscina: [ '5.1.2' ],
26 silly audit   'pkce-challenge': [ '5.0.0' ],
26 silly audit   postcss: [ '8.5.6' ],
26 silly audit   'postcss-media-query-parser': [ '0.2.3' ],
26 silly audit   'proc-log': [ '5.0.0' ],
26 silly audit   'promise-retry': [ '2.0.1' ],
26 silly audit   'proxy-addr': [ '2.0.7' ],
26 silly audit   punycode: [ '1.4.1', '2.3.1' ],
26 silly audit   qjobs: [ '1.2.0' ],
26 silly audit   'range-parser': [ '1.2.1' ],
26 silly audit   'reflect-metadata': [ '0.2.2' ],
26 silly audit   'require-directory': [ '2.1.1' ],
26 silly audit   'require-from-string': [ '2.0.2' ],
26 silly audit   'requires-port': [ '1.0.0' ],
26 silly audit   resolve: [ '1.22.10' ],
26 silly audit   'restore-cursor': [ '5.1.0' ],
26 silly audit   retry: [ '0.12.0' ],
26 silly audit   rfdc: [ '1.4.1' ],
26 silly audit   rimraf: [ '3.0.2' ],
26 silly audit   rollup: [ '4.44.1' ],
26 silly audit   router: [ '2.2.0' ],
26 silly audit   rxjs: [ '7.8.2' ],
26 silly audit   'safe-buffer': [ '5.2.1' ],
26 silly audit   'safe-regex-test': [ '1.1.0' ],
26 silly audit   'safer-buffer': [ '2.1.2' ],
26 silly audit   sass: [ '1.89.2' ],
26 silly audit   send: [ '1.2.0' ],
26 silly audit   'serve-static': [ '2.2.0' ],
26 silly audit   setprototypeof: [ '1.2.0' ],
26 silly audit   'shebang-command': [ '2.0.0' ],
26 silly audit   'shebang-regex': [ '3.0.0' ],
26 silly audit   'side-channel': [ '1.1.0' ],
26 silly audit   'side-channel-list': [ '1.0.0' ],
26 silly audit   'side-channel-map': [ '1.0.1' ],
26 silly audit   'side-channel-weakmap': [ '1.0.2' ],
26 silly audit   'signal-exit': [ '4.1.0' ],
26 silly audit   sigstore: [ '3.1.0' ],
26 silly audit   'smart-buffer': [ '4.2.0' ],
26 silly audit   'socket.io': [ '4.8.1' ],
26 silly audit   'socket.io-adapter': [ '2.5.5' ],
26 silly audit   'socket.io-parser': [ '4.2.4' ],
26 silly audit   socks: [ '2.8.6' ],
26 silly audit   'socks-proxy-agent': [ '8.0.5' ],
26 silly audit   'source-map-js': [ '1.2.1' ],
26 silly audit   'source-map-support': [ '0.5.21' ],
26 silly audit   'spdx-correct': [ '3.2.0' ],
26 silly audit   'spdx-exceptions': [ '2.5.0' ],
26 silly audit   'spdx-expression-parse': [ '3.0.1' ],
26 silly audit   'spdx-license-ids': [ '3.0.21' ],
26 silly audit   'sprintf-js': [ '1.1.3' ],
26 silly audit   ssri: [ '12.0.0' ],
26 silly audit   'stdin-discarder': [ '0.2.2' ],
26 silly audit   streamroller: [ '3.1.5' ],
26 silly audit   'supports-color': [ '7.2.0' ],
26 silly audit   'supports-preserve-symlinks-flag': [ '1.0.0' ],
26 silly audit   tinyglobby: [ '0.2.14' ],
26 silly audit   'to-regex-range': [ '5.0.1' ],
26 silly audit   toidentifier: [ '1.0.1' ],
26 silly audit   tslib: [ '2.8.1' ],
26 silly audit   'tuf-js': [ '3.1.0' ],
26 silly audit   'type-fest': [ '0.21.3' ],
26 silly audit   typescript: [ '5.8.3' ],
26 silly audit   'ua-parser-js': [ '0.7.40' ],
26 silly audit   'undici-types': [ '7.8.0' ],
26 silly audit   'unique-filename': [ '4.0.0' ],
26 silly audit   'unique-slug': [ '5.0.0' ],
26 silly audit   universalify: [ '0.1.2' ],
26 silly audit   unpipe: [ '1.0.0' ],
26 silly audit   'update-browserslist-db': [ '1.1.3' ],
26 silly audit   'uri-js': [ '4.4.1' ],
26 silly audit   'utils-merge': [ '1.0.1' ],
26 silly audit   'validate-npm-package-license': [ '3.0.4' ],
26 silly audit   'validate-npm-package-name': [ '6.0.1' ],
26 silly audit   vary: [ '1.1.2' ],
26 silly audit   vite: [ '7.0.0' ],
26 silly audit   'void-elements': [ '2.0.1' ],
26 silly audit   watchpack: [ '2.4.4' ],
26 silly audit   'weak-lru-cache': [ '1.2.2' ],
26 silly audit   wrappy: [ '1.0.2' ],
26 silly audit   ws: [ '8.17.1' ],
26 silly audit   y18n: [ '5.0.8' ],
26 silly audit   'yoctocolors-cjs': [ '2.1.2' ],
26 silly audit   zod: [ '3.25.75' ],
26 silly audit   'zod-to-json-schema': [ '3.24.6' ],
26 silly audit   'zone.js': [ '0.15.1' ],
26 silly audit   '@types/jquery': [ '3.5.32' ],
26 silly audit   '@types/sizzle': [ '2.3.9' ]
26 silly audit }
27 http cache @types/sizzle@https://registry.npmjs.org/@types/sizzle/-/sizzle-2.3.9.tgz 0ms (cache hit)
28 http cache @types/jquery@https://registry.npmjs.org/@types/jquery/-/jquery-3.5.32.tgz 0ms (cache hit)
29 http fetch POST 200 https://registry.npmjs.org/-/npm/v1/security/advisories/bulk 490ms
30 silly audit report {}
31 silly ADD node_modules/@types/sizzle
32 silly ADD node_modules/@types/jquery
33 verbose cwd /Users/bahriyegavaz/proj1
34 verbose os Darwin 23.6.0
35 verbose node v24.4.1
36 verbose npm  v11.4.2
37 verbose exit 0
38 info ok
