0 verbose cli /Users/bahriyegavaz/.nvm/versions/node/v24.4.1/bin/node /Users/bahriyegavaz/.nvm/versions/node/v24.4.1/lib/node_modules/npm/bin/npm-cli.js
1 info using npm@11.4.2
2 info using node@v24.4.1
3 silly config load:file:/Users/bahriyegavaz/.nvm/versions/node/v24.4.1/lib/node_modules/npm/npmrc
4 silly config load:file:/Users/bahriyegavaz/.npmrc
5 silly config load:file:/Users/bahriyegavaz/.nvm/versions/node/v24.4.1/etc/npmrc
6 verbose title npm exec json-server --watch db.json
7 verbose argv "exec" "--" "json-server" "--watch" "db.json"
8 verbose logfile logs-max:10 dir:/Users/bahriyegavaz/.npm/_logs/2025-07-22T05_45_47_997Z-
9 verbose logfile /Users/bahriyegavaz/.npm/_logs/2025-07-22T05_45_47_997Z-debug-0.log
10 silly logfile start cleaning logs, removing 1 files
11 silly packumentCache heap:4496293888 maxSize:1124073472 maxEntrySize:562036736
12 silly logfile done cleaning log files
13 http fetch GET 200 https://registry.npmjs.org/json-server 434ms (cache miss)
14 silly packumentCache heap:4496293888 maxSize:1124073472 maxEntrySize:562036736
15 silly packumentCache heap:4496293888 maxSize:1124073472 maxEntrySize:562036736
16 verbose stack Error: canceled
16 verbose stack     at exec (/Users/bahriyegavaz/.nvm/versions/node/v24.4.1/lib/node_modules/npm/node_modules/libnpmexec/lib/index.js:289:19)
16 verbose stack     at process.processTicksAndRejections (node:internal/process/task_queues:105:5)
16 verbose stack     at async Npm.exec (/Users/bahriyegavaz/.nvm/versions/node/v24.4.1/lib/node_modules/npm/lib/npm.js:208:9)
16 verbose stack     at async module.exports (/Users/bahriyegavaz/.nvm/versions/node/v24.4.1/lib/node_modules/npm/lib/cli/entry.js:67:5)
17 error canceled
18 verbose cwd /Users/bahriyegavaz
19 verbose os Darwin 23.6.0
20 verbose node v24.4.1
21 verbose npm  v11.4.2
22 verbose exit 1
23 verbose code 1
24 error A complete log of this run can be found in: /Users/bahriyegavaz/.npm/_logs/2025-07-22T05_45_47_997Z-debug-0.log
